d:\opengl\2ndwinter\glproject\glproject\release\glproject.pch
d:\opengl\2ndwinter\glproject\glproject\release\vc140.pdb
d:\opengl\2ndwinter\glproject\glproject\release\block.obj
d:\opengl\2ndwinter\glproject\glproject\release\camera.obj
d:\opengl\2ndwinter\glproject\glproject\release\character.obj
d:\opengl\2ndwinter\glproject\glproject\release\drender.obj
d:\opengl\2ndwinter\glproject\glproject\release\main.obj
d:\opengl\2ndwinter\glproject\glproject\release\player.obj
d:\opengl\2ndwinter\glproject\glproject\release\scene.obj
d:\opengl\2ndwinter\glproject\glproject\release\stage.obj
d:\opengl\2ndwinter\glproject\glproject\release\texturelib.obj
d:\opengl\2ndwinter\glproject\glproject\release\textureload.obj
d:\opengl\2ndwinter\glproject\glproject\release\wall.obj
c:\users\hwihyun\downloads\glproject\glproject\release\glproject.pch
c:\users\hwihyun\downloads\glproject\glproject\release\vc141.pdb
c:\users\hwihyun\downloads\glproject\glproject\release\block.obj
c:\users\hwihyun\downloads\glproject\glproject\release\camera.obj
c:\users\hwihyun\downloads\glproject\glproject\release\drender.obj
c:\users\hwihyun\downloads\glproject\glproject\release\main.obj
c:\users\hwihyun\downloads\glproject\glproject\release\player.obj
c:\users\hwihyun\downloads\glproject\glproject\release\scene.obj
c:\users\hwihyun\downloads\glproject\glproject\release\stage.obj
c:\users\hwihyun\downloads\glproject\glproject\release\texturelib.obj
c:\users\hwihyun\downloads\glproject\glproject\release\textureload.obj
c:\users\hwihyun\downloads\glproject\glproject\release\wall.obj
c:\users\hwihyun\downloads\glproject\glproject\release\character.obj
c:\users\hwihyun\downloads\glproject\glproject\release\vc140.pdb
c:\users\hwihyun\downloads\glproject\glproject\release\glproject.tlog\cl.command.1.tlog
c:\users\hwihyun\downloads\glproject\glproject\release\glproject.tlog\cl.read.1.tlog
c:\users\hwihyun\downloads\glproject\glproject\release\glproject.tlog\cl.write.1.tlog
