d:\opengl\2ndwinter\glproject\glproject\debug\glproject.pch
d:\opengl\2ndwinter\glproject\glproject\debug\vc140.pdb
d:\opengl\2ndwinter\glproject\glproject\debug\vc140.idb
d:\opengl\2ndwinter\glproject\glproject\debug\wall.obj
d:\opengl\2ndwinter\glproject\glproject\debug\titlescene.obj
d:\opengl\2ndwinter\glproject\glproject\debug\textureload.obj
d:\opengl\2ndwinter\glproject\glproject\debug\texturelib.obj
d:\opengl\2ndwinter\glproject\glproject\debug\player.obj
d:\opengl\2ndwinter\glproject\glproject\debug\main.obj
d:\opengl\2ndwinter\glproject\glproject\debug\block.obj
d:\opengl\2ndwinter\glproject\glproject\debug\stage.obj
d:\opengl\2ndwinter\glproject\glproject\debug\scene.obj
d:\opengl\2ndwinter\glproject\glproject\debug\mush.obj
d:\opengl\2ndwinter\glproject\glproject\debug\mrender.obj
d:\opengl\2ndwinter\glproject\glproject\debug\maingamescene.obj
d:\opengl\2ndwinter\glproject\glproject\debug\glframework.obj
d:\opengl\2ndwinter\glproject\glproject\debug\drender.obj
d:\opengl\2ndwinter\glproject\glproject\debug\camera.obj
d:\opengl\2ndwinter\glproject\debug\glproject.ilk
d:\opengl\2ndwinter\glproject\debug\glproject.exe
d:\opengl\2ndwinter\glproject\debug\glproject.pdb
d:\opengl\2ndwinter\glproject\glproject\debug\glproject.tlog\cl.command.1.tlog
d:\opengl\2ndwinter\glproject\glproject\debug\glproject.tlog\cl.read.1.tlog
d:\opengl\2ndwinter\glproject\glproject\debug\glproject.tlog\cl.write.1.tlog
d:\opengl\2ndwinter\glproject\glproject\debug\glproject.tlog\link.command.1.tlog
d:\opengl\2ndwinter\glproject\glproject\debug\glproject.tlog\link.read.1.tlog
d:\opengl\2ndwinter\glproject\glproject\debug\glproject.tlog\link.write.1.tlog
